<?xml version="1.0" encoding="UTF-8"?>
<testsuite xmlns:xsi="http://www.w3.org/2001/XMLSchema-instance" xsi:noNamespaceSchemaLocation="https://maven.apache.org/surefire/maven-surefire-plugin/xsd/surefire-test-report-3.0.xsd" version="3.0" name="TestSuite" time="97.383" tests="16" errors="0" skipped="5" failures="9">
  <properties>
[...]
</properties>
  <testcase name="loyaltyCardRegistration" classname="com.stopandshop.ui.RegistrationTests" time="0.245">
    <failure message="&#10;Data provider mismatch&#10;Method: loyaltyCardRegistration([Parameter{index=0, type=java.lang.String, declaredAnnotations=[]}, Parameter{index=1, type=java.lang.String, declaredAnnotations=[]}, Parameter{index=2, type=java.lang.String, declaredAnnotations=[]}, Parameter{index=3, type=java.lang.String, declaredAnnotations=[]}, Parameter{index=4, type=java.lang.String, declaredAnnotations=[]}, Parameter{index=5, type=java.lang.String, declaredAnnotations=[]}, Parameter{index=6, type=java.lang.String, declaredAnnotations=[]}])&#10;Arguments: [(java.lang.String) Sarah,(java.lang.String) Abramovich,(java.lang.String) Quincy2019,(java.lang.String) Quincy2019,(java.lang.String) 200 Cove way,(java.lang.String) Quincy,(java.lang.String) Massachusetts,(java.lang.String) 02169,(java.lang.String) Kingston]" type="org.testng.internal.reflect.MethodMatcherException">org.testng.internal.reflect.MethodMatcherException: 

Data provider mismatch
Method: loyaltyCardRegistration([Parameter{index=0, type=java.lang.String, declaredAnnotations=[]}, Parameter{index=1, type=java.lang.String, declaredAnnotations=[]}, Parameter{index=2, type=java.lang.String, declaredAnnotations=[]}, Parameter{index=3, type=java.lang.String, declaredAnnotations=[]}, Parameter{index=4, type=java.lang.String, declaredAnnotations=[]}, Parameter{index=5, type=java.lang.String, declaredAnnotations=[]}, Parameter{index=6, type=java.lang.String, declaredAnnotations=[]}])
Arguments: [(java.lang.String) Sarah,(java.lang.String) Abramovich,(java.lang.String) Quincy2019,(java.lang.String) Quincy2019,(java.lang.String) 200 Cove way,(java.lang.String) Quincy,(java.lang.String) Massachusetts,(java.lang.String) 02169,(java.lang.String) Kingston]
</failure>
  </testcase>
  <testcase name="loyaltyCardRegistration" classname="com.stopandshop.ui.RegistrationTests" time="0.394">
    <failure message="&#10;Data provider mismatch&#10;Method: loyaltyCardRegistration([Parameter{index=0, type=java.lang.String, declaredAnnotations=[]}, Parameter{index=1, type=java.lang.String, declaredAnnotations=[]}, Parameter{index=2, type=java.lang.String, declaredAnnotations=[]}, Parameter{index=3, type=java.lang.String, declaredAnnotations=[]}, Parameter{index=4, type=java.lang.String, declaredAnnotations=[]}, Parameter{index=5, type=java.lang.String, declaredAnnotations=[]}, Parameter{index=6, type=java.lang.String, declaredAnnotations=[]}])&#10;Arguments: [(java.lang.String) Sarah,(java.lang.String) Abramovich,(java.lang.String) Quincy2019,(java.lang.String) Quincy2019,(java.lang.String) 200 Cove way,(java.lang.String) Quincy,(java.lang.String) Massachusetts,(java.lang.String) 02169,(java.lang.String) Kingston]" type="org.testng.internal.reflect.MethodMatcherException">org.testng.internal.reflect.MethodMatcherException: 

Data provider mismatch
Method: loyaltyCardRegistration([Parameter{index=0, type=java.lang.String, declaredAnnotations=[]}, Parameter{index=1, type=java.lang.String, declaredAnnotations=[]}, Parameter{index=2, type=java.lang.String, declaredAnnotations=[]}, Parameter{index=3, type=java.lang.String, declaredAnnotations=[]}, Parameter{index=4, type=java.lang.String, declaredAnnotations=[]}, Parameter{index=5, type=java.lang.String, declaredAnnotations=[]}, Parameter{index=6, type=java.lang.String, declaredAnnotations=[]}])
Arguments: [(java.lang.String) Sarah,(java.lang.String) Abramovich,(java.lang.String) Quincy2019,(java.lang.String) Quincy2019,(java.lang.String) 200 Cove way,(java.lang.String) Quincy,(java.lang.String) Massachusetts,(java.lang.String) 02169,(java.lang.String) Kingston]
</failure>
  </testcase>
  <testcase name="loyaltyCardRegistration" classname="com.stopandshop.ui.RegistrationTests" time="17.812">
    <failure message="&#10;Data provider mismatch&#10;Method: loyaltyCardRegistration([Parameter{index=0, type=java.lang.String, declaredAnnotations=[]}, Parameter{index=1, type=java.lang.String, declaredAnnotations=[]}, Parameter{index=2, type=java.lang.String, declaredAnnotations=[]}, Parameter{index=3, type=java.lang.String, declaredAnnotations=[]}, Parameter{index=4, type=java.lang.String, declaredAnnotations=[]}, Parameter{index=5, type=java.lang.String, declaredAnnotations=[]}, Parameter{index=6, type=java.lang.String, declaredAnnotations=[]}])&#10;Arguments: [(java.lang.String) Sarah,(java.lang.String) Abramovich,(java.lang.String) Quincy2019,(java.lang.String) Quincy2019,(java.lang.String) 200 Cove way,(java.lang.String) Quincy,(java.lang.String) Massachusetts,(java.lang.String) 02169,(java.lang.String) Kingston]" type="org.testng.internal.reflect.MethodMatcherException">org.testng.internal.reflect.MethodMatcherException: 

Data provider mismatch
Method: loyaltyCardRegistration([Parameter{index=0, type=java.lang.String, declaredAnnotations=[]}, Parameter{index=1, type=java.lang.String, declaredAnnotations=[]}, Parameter{index=2, type=java.lang.String, declaredAnnotations=[]}, Parameter{index=3, type=java.lang.String, declaredAnnotations=[]}, Parameter{index=4, type=java.lang.String, declaredAnnotations=[]}, Parameter{index=5, type=java.lang.String, declaredAnnotations=[]}, Parameter{index=6, type=java.lang.String, declaredAnnotations=[]}])
Arguments: [(java.lang.String) Sarah,(java.lang.String) Abramovich,(java.lang.String) Quincy2019,(java.lang.String) Quincy2019,(java.lang.String) 200 Cove way,(java.lang.String) Quincy,(java.lang.String) Massachusetts,(java.lang.String) 02169,(java.lang.String) Kingston]
</failure>
    <system-err><![CDATA[1581630064946	Marionette	INFO	Stopped listening on port 57134
]]></system-err>
  </testcase>
  <testcase name="setup" classname="com.stopandshop.ui.RegistrationTests" time="0.353">
    <failure message="The driver executable does not exist: /Users/nutxk18/Desktop/GitHub/Stores/Stores/IEDriverServer.exe" type="java.lang.IllegalStateException">java.lang.IllegalStateException: The driver executable does not exist: /Users/nutxk18/Desktop/GitHub/Stores/Stores/IEDriverServer.exe
</failure>
  </testcase>
  <testcase name="setup" classname="com.stopandshop.ui.RegistrationTests" time="0">
    <skipped/>
  </testcase>
  <testcase name="registerNewUSer" classname="com.stopandshop.ui.RegistrationTests" time="0">
    <skipped message="The driver executable does not exist: /Users/nutxk18/Desktop/GitHub/Stores/Stores/IEDriverServer.exe"/>
  </testcase>
  <testcase name="registerNewUSer" classname="com.stopandshop.ui.RegistrationTests" time="10.586"/>
  <testcase name="registerNewUSer" classname="com.stopandshop.ui.RegistrationTests" time="12.215"/>
  <testcase name="afterAction" classname="com.stopandshop.ui.RegistrationTests" time="0">
    <skipped/>
  </testcase>
  <testcase name="afterAction" classname="com.stopandshop.ui.RegistrationTests" time="0">
    <skipped/>
  </testcase>
  <testcase name="registerNewUSer2" classname="com.stopandshop.ui.RegistrationTests" time="0.361">
    <failure message="&#10;Method public void com.stopandshop.ui.RegistrationTests.registerNewUSer2(java.lang.String,java.lang.String,java.lang.String,java.lang.String,java.lang.String,java.lang.String,java.lang.String,java.lang.String,java.lang.String) requires a @DataProvider named : Registration2" type="org.testng.TestNGException">org.testng.TestNGException: 

Method public void com.stopandshop.ui.RegistrationTests.registerNewUSer2(java.lang.String,java.lang.String,java.lang.String,java.lang.String,java.lang.String,java.lang.String,java.lang.String,java.lang.String,java.lang.String) requires a @DataProvider named : Registration2
</failure>
    <system-err><![CDATA[[Utils] [ERROR] [Error] org.testng.TestNGException: 
Method public void com.stopandshop.ui.RegistrationTests.registerNewUSer2(java.lang.String,java.lang.String,java.lang.String,java.lang.String,java.lang.String,java.lang.String,java.lang.String,java.lang.String,java.lang.String) requires a @DataProvider named : Registration2
	at org.testng.internal.Parameters.findDataProvider(Parameters.java:513)
	at org.testng.internal.Parameters.handleParameters(Parameters.java:691)
	at org.testng.internal.ParameterHandler.handleParameters(ParameterHandler.java:49)
	at org.testng.internal.ParameterHandler.createParameters(ParameterHandler.java:37)
	at org.testng.internal.Invoker.invokeTestMethods(Invoker.java:924)
	at org.testng.internal.TestMethodWorker.invokeTestMethods(TestMethodWorker.java:125)
	at org.testng.internal.TestMethodWorker.run(TestMethodWorker.java:109)
	at org.testng.TestRunner.privateRun(TestRunner.java:648)
	at org.testng.TestRunner.run(TestRunner.java:505)
	at org.testng.SuiteRunner.runTest(SuiteRunner.java:455)
	at org.testng.SuiteRunner.runSequentially(SuiteRunner.java:450)
	at org.testng.SuiteRunner.privateRun(SuiteRunner.java:415)
	at org.testng.SuiteRunner.run(SuiteRunner.java:364)
	at org.testng.SuiteRunnerWorker.runSuite(SuiteRunnerWorker.java:52)
	at org.testng.SuiteRunnerWorker.run(SuiteRunnerWorker.java:84)
	at org.testng.TestNG.runSuitesSequentially(TestNG.java:1208)
	at org.testng.TestNG.runSuitesLocally(TestNG.java:1137)
	at org.testng.TestNG.runSuites(TestNG.java:1049)
	at org.testng.TestNG.run(TestNG.java:1017)
	at org.apache.maven.surefire.testng.TestNGExecutor.run(TestNGExecutor.java:283)
	at org.apache.maven.surefire.testng.TestNGXmlTestSuite.execute(TestNGXmlTestSuite.java:75)
	at org.apache.maven.surefire.testng.TestNGProvider.invoke(TestNGProvider.java:120)
	at org.apache.maven.surefire.booter.ForkedBooter.invokeProviderInSameClassLoader(ForkedBooter.java:384)
	at org.apache.maven.surefire.booter.ForkedBooter.runSuitesInProcess(ForkedBooter.java:345)
	at org.apache.maven.surefire.booter.ForkedBooter.execute(ForkedBooter.java:126)
	at org.apache.maven.surefire.booter.ForkedBooter.main(ForkedBooter.java:418)

]]></system-err>
  </testcase>
  <testcase name="registerNewUSer2" classname="com.stopandshop.ui.RegistrationTests" time="14.429">
    <failure message="&#10;Method public void com.stopandshop.ui.RegistrationTests.registerNewUSer2(java.lang.String,java.lang.String,java.lang.String,java.lang.String,java.lang.String,java.lang.String,java.lang.String,java.lang.String,java.lang.String) requires a @DataProvider named : Registration2" type="org.testng.TestNGException">org.testng.TestNGException: 

Method public void com.stopandshop.ui.RegistrationTests.registerNewUSer2(java.lang.String,java.lang.String,java.lang.String,java.lang.String,java.lang.String,java.lang.String,java.lang.String,java.lang.String,java.lang.String) requires a @DataProvider named : Registration2
</failure>
    <system-err><![CDATA[1581630035796	Marionette	INFO	Stopped listening on port 56912
[Utils] [ERROR] [Error] org.testng.TestNGException: 
Method public void com.stopandshop.ui.RegistrationTests.registerNewUSer2(java.lang.String,java.lang.String,java.lang.String,java.lang.String,java.lang.String,java.lang.String,java.lang.String,java.lang.String,java.lang.String) requires a @DataProvider named : Registration2
	at org.testng.internal.Parameters.findDataProvider(Parameters.java:513)
	at org.testng.internal.Parameters.handleParameters(Parameters.java:691)
	at org.testng.internal.ParameterHandler.handleParameters(ParameterHandler.java:49)
	at org.testng.internal.ParameterHandler.createParameters(ParameterHandler.java:37)
	at org.testng.internal.Invoker.invokeTestMethods(Invoker.java:924)
	at org.testng.internal.TestMethodWorker.invokeTestMethods(TestMethodWorker.java:125)
	at org.testng.internal.TestMethodWorker.run(TestMethodWorker.java:109)
	at org.testng.TestRunner.privateRun(TestRunner.java:648)
	at org.testng.TestRunner.run(TestRunner.java:505)
	at org.testng.SuiteRunner.runTest(SuiteRunner.java:455)
	at org.testng.SuiteRunner.runSequentially(SuiteRunner.java:450)
	at org.testng.SuiteRunner.privateRun(SuiteRunner.java:415)
	at org.testng.SuiteRunner.run(SuiteRunner.java:364)
	at org.testng.SuiteRunnerWorker.runSuite(SuiteRunnerWorker.java:52)
	at org.testng.SuiteRunnerWorker.run(SuiteRunnerWorker.java:84)
	at org.testng.TestNG.runSuitesSequentially(TestNG.java:1208)
	at org.testng.TestNG.runSuitesLocally(TestNG.java:1137)
	at org.testng.TestNG.runSuites(TestNG.java:1049)
	at org.testng.TestNG.run(TestNG.java:1017)
	at org.apache.maven.surefire.testng.TestNGExecutor.run(TestNGExecutor.java:283)
	at org.apache.maven.surefire.testng.TestNGXmlTestSuite.execute(TestNGXmlTestSuite.java:75)
	at org.apache.maven.surefire.testng.TestNGProvider.invoke(TestNGProvider.java:120)
	at org.apache.maven.surefire.booter.ForkedBooter.invokeProviderInSameClassLoader(ForkedBooter.java:384)
	at org.apache.maven.surefire.booter.ForkedBooter.runSuitesInProcess(ForkedBooter.java:345)
	at org.apache.maven.surefire.booter.ForkedBooter.execute(ForkedBooter.java:126)
	at org.apache.maven.surefire.booter.ForkedBooter.main(ForkedBooter.java:418)

]]></system-err>
  </testcase>
  <testcase name="registerNewUSer2" classname="com.stopandshop.ui.RegistrationTests" time="12.334">
    <failure message="&#10;Method public void com.stopandshop.ui.RegistrationTests.registerNewUSer2(java.lang.String,java.lang.String,java.lang.String,java.lang.String,java.lang.String,java.lang.String,java.lang.String,java.lang.String,java.lang.String) requires a @DataProvider named : Registration2" type="org.testng.TestNGException">org.testng.TestNGException: 

Method public void com.stopandshop.ui.RegistrationTests.registerNewUSer2(java.lang.String,java.lang.String,java.lang.String,java.lang.String,java.lang.String,java.lang.String,java.lang.String,java.lang.String,java.lang.String) requires a @DataProvider named : Registration2
</failure>
    <system-err><![CDATA[[Utils] [ERROR] [Error] org.testng.TestNGException: 
Method public void com.stopandshop.ui.RegistrationTests.registerNewUSer2(java.lang.String,java.lang.String,java.lang.String,java.lang.String,java.lang.String,java.lang.String,java.lang.String,java.lang.String,java.lang.String) requires a @DataProvider named : Registration2
	at org.testng.internal.Parameters.findDataProvider(Parameters.java:513)
	at org.testng.internal.Parameters.handleParameters(Parameters.java:691)
	at org.testng.internal.ParameterHandler.handleParameters(ParameterHandler.java:49)
	at org.testng.internal.ParameterHandler.createParameters(ParameterHandler.java:37)
	at org.testng.internal.Invoker.invokeTestMethods(Invoker.java:924)
	at org.testng.internal.TestMethodWorker.invokeTestMethods(TestMethodWorker.java:125)
	at org.testng.internal.TestMethodWorker.run(TestMethodWorker.java:109)
	at org.testng.TestRunner.privateRun(TestRunner.java:648)
	at org.testng.TestRunner.run(TestRunner.java:505)
	at org.testng.SuiteRunner.runTest(SuiteRunner.java:455)
	at org.testng.SuiteRunner.runSequentially(SuiteRunner.java:450)
	at org.testng.SuiteRunner.privateRun(SuiteRunner.java:415)
	at org.testng.SuiteRunner.run(SuiteRunner.java:364)
	at org.testng.SuiteRunnerWorker.runSuite(SuiteRunnerWorker.java:52)
	at org.testng.SuiteRunnerWorker.run(SuiteRunnerWorker.java:84)
	at org.testng.TestNG.runSuitesSequentially(TestNG.java:1208)
	at org.testng.TestNG.runSuitesLocally(TestNG.java:1137)
	at org.testng.TestNG.runSuites(TestNG.java:1049)
	at org.testng.TestNG.run(TestNG.java:1017)
	at org.apache.maven.surefire.testng.TestNGExecutor.run(TestNGExecutor.java:283)
	at org.apache.maven.surefire.testng.TestNGXmlTestSuite.execute(TestNGXmlTestSuite.java:75)
	at org.apache.maven.surefire.testng.TestNGProvider.invoke(TestNGProvider.java:120)
	at org.apache.maven.surefire.booter.ForkedBooter.invokeProviderInSameClassLoader(ForkedBooter.java:384)
	at org.apache.maven.surefire.booter.ForkedBooter.runSuitesInProcess(ForkedBooter.java:345)
	at org.apache.maven.surefire.booter.ForkedBooter.execute(ForkedBooter.java:126)
	at org.apache.maven.surefire.booter.ForkedBooter.main(ForkedBooter.java:418)

]]></system-err>
  </testcase>
  <testcase name="registerUser" classname="com.stopandshop.ui.RegistrationTests" time="0">
    <skipped message="The driver executable does not exist: /Users/nutxk18/Desktop/GitHub/Stores/Stores/IEDriverServer.exe"/>
  </testcase>
  <testcase name="registerUser" classname="com.stopandshop.ui.RegistrationTests" time="14.089">
    <failure message="Unable to locate element: //a[@id =&apos;skipBtn&apos;]&#10;For documentation on this error, please visit: https://www.seleniumhq.org/exceptions/no_such_element.html&#10;Build info: version: &apos;3.141.59&apos;, revision: &apos;e82be7d358&apos;, time: &apos;2018-11-14T08:17:03&apos;&#10;System info: host: &apos;SSQYL2TX0EZG8WN&apos;, ip: &apos;fe80:0:0:0:1412:5fb1:b8a8:b12e%en0&apos;, os.name: &apos;Mac OS X&apos;, os.arch: &apos;x86_64&apos;, os.version: &apos;10.14.6&apos;, java.version: &apos;1.8.0_151&apos;&#10;Driver info: org.openqa.selenium.firefox.FirefoxDriver&#10;Capabilities {acceptInsecureCerts: true, browserName: firefox, browserVersion: 72.0.2, javascriptEnabled: true, moz:accessibilityChecks: false, moz:buildID: 20200117190643, moz:geckodriverVersion: 0.24.0, moz:headless: false, moz:processID: 5847, moz:profile: /var/folders/_9/ln3qnsn10wl..., moz:shutdownTimeout: 60000, moz:useNonSpecCompliantPointerOrigin: false, moz:webdriverClick: true, pageLoadStrategy: normal, platform: MAC, platformName: MAC, platformVersion: 18.7.0, rotatable: false, setWindowRect: true, strictFileInteractability: false, timeouts: {implicit: 0, pageLoad: 300000, script: 30000}, unhandledPromptBehavior: dismiss and notify}&#10;Session ID: b6c133e3-4fcb-6d40-beb3-bd0ea5519fd7&#10;*** Element info: {Using=xpath, value=//a[@id =&apos;skipBtn&apos;]}" type="org.openqa.selenium.NoSuchElementException">org.openqa.selenium.NoSuchElementException: 
Unable to locate element: //a[@id ='skipBtn']
For documentation on this error, please visit: https://www.seleniumhq.org/exceptions/no_such_element.html
Build info: version: '3.141.59', revision: 'e82be7d358', time: '2018-11-14T08:17:03'
System info: host: 'SSQYL2TX0EZG8WN', ip: 'fe80:0:0:0:1412:5fb1:b8a8:b12e%en0', os.name: 'Mac OS X', os.arch: 'x86_64', os.version: '10.14.6', java.version: '1.8.0_151'
Driver info: org.openqa.selenium.firefox.FirefoxDriver
Capabilities {acceptInsecureCerts: true, browserName: firefox, browserVersion: 72.0.2, javascriptEnabled: true, moz:accessibilityChecks: false, moz:buildID: 20200117190643, moz:geckodriverVersion: 0.24.0, moz:headless: false, moz:processID: 5847, moz:profile: /var/folders/_9/ln3qnsn10wl..., moz:shutdownTimeout: 60000, moz:useNonSpecCompliantPointerOrigin: false, moz:webdriverClick: true, pageLoadStrategy: normal, platform: MAC, platformName: MAC, platformVersion: 18.7.0, rotatable: false, setWindowRect: true, strictFileInteractability: false, timeouts: {implicit: 0, pageLoad: 300000, script: 30000}, unhandledPromptBehavior: dismiss and notify}
Session ID: b6c133e3-4fcb-6d40-beb3-bd0ea5519fd7
*** Element info: {Using=xpath, value=//a[@id ='skipBtn']}
	at com.stopandshop.ui.RegistrationTests.registerUser(RegistrationTests.java:54)
</failure>
    <system-err><![CDATA[1581630039667	mozrunner::runner	INFO	Running command: "/Applications/Firefox.app/Contents/MacOS/firefox-bin" "-marionette" "-foreground" "-no-remote" "-profile" "/var/folders/_9/ln3qnsn10wl2rz6zynmd5qbd96fmfy/T/rust_mozprofile.rNCIKAIDbmYa"
1581630040158	addons.webextension.doh-rollout@mozilla.org	WARN	Loading extension 'doh-rollout@mozilla.org': Reading manifest: Invalid extension permission: networkStatus
1581630040267	addons.webextension.screenshots@mozilla.org	WARN	Loading extension 'screenshots@mozilla.org': Reading manifest: Invalid extension permission: mozillaAddons
1581630040267	addons.webextension.screenshots@mozilla.org	WARN	Loading extension 'screenshots@mozilla.org': Reading manifest: Invalid extension permission: telemetry
1581630040267	addons.webextension.screenshots@mozilla.org	WARN	Loading extension 'screenshots@mozilla.org': Reading manifest: Invalid extension permission: resource://pdf.js/
1581630040267	addons.webextension.screenshots@mozilla.org	WARN	Loading extension 'screenshots@mozilla.org': Reading manifest: Invalid extension permission: about:reader*
1581630042033	Marionette	INFO	Listening on port 57134
1581630042062	Marionette	WARN	TLS certificate errors will be ignored for this session
Feb 13, 2020 4:40:42 PM org.openqa.selenium.remote.ProtocolHandshake createSession
INFO: Detected dialect: W3C
JavaScript error: , line 0: uncaught exception: undefined
JavaScript error: https://stopandshop.com/sign-up/registration/ line 4461 > scriptElement, line 1: ReferenceError: fbq is not defined
JavaScript error: https://stopandshop.com/static/common/js/bundle/base.min.4955dc6ee5c80160.js, line 39: ReferenceError: We're sorry, 'show' is not an available method for this element.
1581630061722	Marionette	WARN	TimedPromise timed out after 500 ms: stacktrace:
bail@chrome://marionette/content/sync.js:237:64
]]></system-err>
  </testcase>
  <testcase name="registerUser" classname="com.stopandshop.ui.RegistrationTests" time="10.311">
    <failure message="no such element: Unable to locate element: {&quot;method&quot;:&quot;xpath&quot;,&quot;selector&quot;:&quot;//a[@id =&apos;skipBtn&apos;]&quot;}&#10;  (Session info: chrome=80.0.3987.106)&#10;For documentation on this error, please visit: https://www.seleniumhq.org/exceptions/no_such_element.html&#10;Build info: version: &apos;3.141.59&apos;, revision: &apos;e82be7d358&apos;, time: &apos;2018-11-14T08:17:03&apos;&#10;System info: host: &apos;SSQYL2TX0EZG8WN&apos;, ip: &apos;fe80:0:0:0:1412:5fb1:b8a8:b12e%en0&apos;, os.name: &apos;Mac OS X&apos;, os.arch: &apos;x86_64&apos;, os.version: &apos;10.14.6&apos;, java.version: &apos;1.8.0_151&apos;&#10;Driver info: org.openqa.selenium.chrome.ChromeDriver&#10;Capabilities {acceptInsecureCerts: false, browserName: chrome, browserVersion: 80.0.3987.106, chrome: {chromedriverVersion: 79.0.3945.36 (3582db32b3389..., userDataDir: /var/folders/_9/ln3qnsn10wl...}, goog:chromeOptions: {debuggerAddress: localhost:57472}, javascriptEnabled: true, networkConnectionEnabled: false, pageLoadStrategy: normal, platform: MAC, platformName: MAC, proxy: Proxy(), setWindowRect: true, strictFileInteractability: false, timeouts: {implicit: 0, pageLoad: 300000, script: 30000}, unhandledPromptBehavior: dismiss and notify}&#10;Session ID: d306732103ed2e62b2e5d68a17f6604a&#10;*** Element info: {Using=xpath, value=//a[@id =&apos;skipBtn&apos;]}" type="org.openqa.selenium.NoSuchElementException">org.openqa.selenium.NoSuchElementException: 
no such element: Unable to locate element: {"method":"xpath","selector":"//a[@id ='skipBtn']"}
  (Session info: chrome=80.0.3987.106)
For documentation on this error, please visit: https://www.seleniumhq.org/exceptions/no_such_element.html
Build info: version: '3.141.59', revision: 'e82be7d358', time: '2018-11-14T08:17:03'
System info: host: 'SSQYL2TX0EZG8WN', ip: 'fe80:0:0:0:1412:5fb1:b8a8:b12e%en0', os.name: 'Mac OS X', os.arch: 'x86_64', os.version: '10.14.6', java.version: '1.8.0_151'
Driver info: org.openqa.selenium.chrome.ChromeDriver
Capabilities {acceptInsecureCerts: false, browserName: chrome, browserVersion: 80.0.3987.106, chrome: {chromedriverVersion: 79.0.3945.36 (3582db32b3389..., userDataDir: /var/folders/_9/ln3qnsn10wl...}, goog:chromeOptions: {debuggerAddress: localhost:57472}, javascriptEnabled: true, networkConnectionEnabled: false, pageLoadStrategy: normal, platform: MAC, platformName: MAC, proxy: Proxy(), setWindowRect: true, strictFileInteractability: false, timeouts: {implicit: 0, pageLoad: 300000, script: 30000}, unhandledPromptBehavior: dismiss and notify}
Session ID: d306732103ed2e62b2e5d68a17f6604a
*** Element info: {Using=xpath, value=//a[@id ='skipBtn']}
	at com.stopandshop.ui.RegistrationTests.registerUser(RegistrationTests.java:54)
</failure>
    <system-err><![CDATA[Starting ChromeDriver 79.0.3945.36 (3582db32b33893869b8c1339e8f4d9ed1816f143-refs/branch-heads/3945@{#614}) on port 6535
Only local connections are allowed.
Please protect ports used by ChromeDriver and related test frameworks to prevent access by malicious code.
[1581630088.410][WARNING]: FromSockAddr failed on netmask
[1581630089.173][WARNING]: This version of ChromeDriver has not been tested with Chrome version 80.
Feb 13, 2020 4:41:29 PM org.openqa.selenium.remote.ProtocolHandshake createSession
INFO: Detected dialect: W3C
]]></system-err>
  </testcase>
</testsuite>